c:\users\filip\documents\visual studio 2017\projects\stoper\stoper\debug\vc141.pdb
c:\users\filip\documents\visual studio 2017\projects\stoper\stoper\debug\plansza.obj
c:\users\filip\desktop\programowanie\repo\stoper\stoper\debug\vc141.pdb
c:\users\filip\desktop\programowanie\repo\stoper\stoper\debug\plansza.obj
c:\users\filip\desktop\programowanie\repo\stoper\stoper\debug\.netframework,version=v4.6.1.assemblyattributes.obj
c:\users\filip\desktop\programowanie\repo\stoper\stoper\debug\.netframework,version=v4.6.1.assemblyattributes.asm
c:\users\filip\documents\visual studio 2017\projects\stoper\debug\stoper.exe
c:\users\filip\documents\visual studio 2017\projects\stoper\debug\stoper.pdb
c:\users\filip\desktop\programowanie\repo\stoper\debug\stoper.exe
c:\users\filip\desktop\programowanie\repo\stoper\debug\stoper.pdb
c:\users\filip\documents\visual studio 2017\projects\stoper\stoper\debug\stoper.myform.resources
c:\users\filip\desktop\programowanie\repo\stoper\stoper\debug\stoper.myform.resources
c:\users\filip\desktop\programowanie\repo\stoper\stoper\debug\stoper.vcxproj.generateresource.cache
c:\users\filip\desktop\programowanie\repo\stoper\stoper\debug\stoper.vcxprojresolveassemblyreference.cache
c:\users\filip\desktop\programowanie\repo\stoper\stoper\debug\stoper.tlog\cl.command.1.tlog
c:\users\filip\desktop\programowanie\repo\stoper\stoper\debug\stoper.tlog\cl.read.1.tlog
c:\users\filip\desktop\programowanie\repo\stoper\stoper\debug\stoper.tlog\cl.write.1.tlog
c:\users\filip\desktop\programowanie\repo\stoper\stoper\debug\stoper.tlog\link.command.1.tlog
c:\users\filip\desktop\programowanie\repo\stoper\stoper\debug\stoper.tlog\link.read.1.tlog
c:\users\filip\desktop\programowanie\repo\stoper\stoper\debug\stoper.tlog\link.write.1.tlog
c:\users\filip\desktop\programowanie\repo\stoper\stoper\debug\stoper.tlog\metagen.read.1.tlog
c:\users\filip\desktop\programowanie\repo\stoper\stoper\debug\stoper.tlog\metagen.write.1.tlog
c:\users\filip\desktop\programowanie\repo\stoper\stoper\debug\stoper.tlog\stoper.write.1u.tlog
c:\users\filip\desktop\programowanie\repo\stoper\stoper\debug\stoper.tlog\tzres.dll.bi
